<?xml version="1.0" encoding="UTF-8" ?>
<testsuite tests="7" failures="0" name="com.zhiyou100.dao.TeaDaoTest" time="1.684" errors="0" skipped="0">
  <properties>
[...]
</properties>
  <testcase classname="com.zhiyou100.dao.TeaDaoTest" name="testListTeaByCreateTime" time="1.481"/>
  <testcase classname="com.zhiyou100.dao.TeaDaoTest" name="testListTeaByRankDesc" time="0.031"/>
  <testcase classname="com.zhiyou100.dao.TeaDaoTest" name="testListTeaByCreateTimeDesc" time="0.047"/>
  <testcase classname="com.zhiyou100.dao.TeaDaoTest" name="testListTeaByRank" time="0.031"/>
  <testcase classname="com.zhiyou100.dao.TeaDaoTest" name="testListTea" time="0.031"/>
  <testcase classname="com.zhiyou100.dao.TeaDaoTest" name="testCountByRank" time="0.031"/>
  <testcase classname="com.zhiyou100.dao.TeaDaoTest" name="testAddTea" time="0.032"/>
</testsuite>